c:\users\paufz\documents\github\wonder-engine\x64\release\mygameengine.pdb
c:\users\paufz\documents\github\wonder-engine\x64\release\mygameengine.idb
c:\users\paufz\documents\github\wonder-engine\mygameengine\x64\release\renderer.obj
c:\users\paufz\documents\github\wonder-engine\mygameengine\x64\release\wonderengine.obj
c:\users\paufz\documents\github\wonder-engine\mygameengine\x64\release\transformcomp.obj
c:\users\paufz\documents\github\wonder-engine\mygameengine\x64\release\texture.obj
c:\users\paufz\documents\github\wonder-engine\mygameengine\x64\release\texturecomp.obj
c:\users\paufz\documents\github\wonder-engine\mygameengine\x64\release\scene.obj
c:\users\paufz\documents\github\wonder-engine\mygameengine\x64\release\gameobject.obj
c:\users\paufz\documents\github\wonder-engine\mygameengine\x64\release\mesh.obj
c:\users\paufz\documents\github\wonder-engine\mygameengine\x64\release\meshcomp.obj
c:\users\paufz\documents\github\wonder-engine\mygameengine\x64\release\graphicobject.obj
c:\users\paufz\documents\github\wonder-engine\mygameengine\x64\release\cubewireframeivbo.obj
c:\users\paufz\documents\github\wonder-engine\mygameengine\x64\release\cubevertexbuffer.obj
c:\users\paufz\documents\github\wonder-engine\mygameengine\x64\release\cubevertexarray.obj
c:\users\paufz\documents\github\wonder-engine\mygameengine\x64\release\cubeinterleavedvbo.obj
c:\users\paufz\documents\github\wonder-engine\mygameengine\x64\release\cubeimmediatemode.obj
c:\users\paufz\documents\github\wonder-engine\mygameengine\x64\release\cube.obj
c:\users\paufz\documents\github\wonder-engine\mygameengine\x64\release\camera.obj
c:\users\paufz\documents\github\wonder-engine\x64\release\mygameengine.lib
c:\users\paufz\documents\github\wonder-engine\mygameengine\x64\release\mygameengine.tlog\cl.command.1.tlog
c:\users\paufz\documents\github\wonder-engine\mygameengine\x64\release\mygameengine.tlog\cl.read.1.tlog
c:\users\paufz\documents\github\wonder-engine\mygameengine\x64\release\mygameengine.tlog\cl.write.1.tlog
c:\users\paufz\documents\github\wonder-engine\mygameengine\x64\release\mygameengine.tlog\lib-link.read.1.tlog
c:\users\paufz\documents\github\wonder-engine\mygameengine\x64\release\mygameengine.tlog\lib-link.write.1.tlog
c:\users\paufz\documents\github\wonder-engine\mygameengine\x64\release\mygameengine.tlog\lib.command.1.tlog
